<?xml version="1.0" encoding="UTF-8"?>
<!-- Generated by org.testng.reporters.JUnitXMLReporter -->
<testsuite hostname="CHELENL054" name="Test Cases" tests="2" failures="1" timestamp="2 Jan 2021 13:56:51 GMT" time="0.042" errors="0">
  <testcase name="bSecond" time="0.014" classname="learnTestNG.RerunFailedCases">
    <failure type="java.lang.AssertionError" message="expected [false] but found [true]">
      <![CDATA[java.lang.AssertionError: expected [false] but found [true]
	at learnTestNG.RerunFailedCases.bSecond(RerunFailedCases.java:14)
... Removed 29 stack frames]]>
    </failure>
  </testcase> <!-- bSecond -->
  <testcase name="cFirst" time="0.002" classname="learnTestNG.RerunFailedCases"/>
</testsuite> <!-- Test Cases -->
