<?xml version="1.0" encoding="UTF-8"?>
<testng-results skipped="1" failed="0" total="1" passed="0">
  <reporter-output>
  </reporter-output>
  <suite name="Default suite" duration-ms="62" started-at="2021-01-04T10:33:41Z" finished-at="2021-01-04T10:33:41Z">
    <groups>
    </groups>
    <test name="Default test" duration-ms="62" started-at="2021-01-04T10:33:41Z" finished-at="2021-01-04T10:33:41Z">
      <class name="Learn_Selenium.ExtentReportLearning">
        <test-method status="FAIL" signature="Vivo1()[pri:0, instance:Learn_Selenium.ExtentReportLearning@6e6c3152]" name="Vivo1" is-config="true" duration-ms="0" started-at="2021-01-04T16:03:41Z" finished-at="2021-01-04T16:03:41Z">
          <exception class="java.lang.NoClassDefFoundError">
            <message>
              <![CDATA[io/reactivex/rxjava3/subjects/PublishSubject]]>
            </message>
            <full-stacktrace>
              <![CDATA[java.lang.NoClassDefFoundError: io/reactivex/rxjava3/subjects/PublishSubject
	at com.aventstack.extentreports.ReactiveSubject.<init>(ReactiveSubject.java:28)
	at com.aventstack.extentreports.AbstractProcessor.<init>(AbstractProcessor.java:22)
	at com.aventstack.extentreports.ExtentReports.<init>(ExtentReports.java:57)
	at Learn_Selenium.ExtentReportLearning.Vivo1(ExtentReportLearning.java:24)
	at sun.reflect.NativeMethodAccessorImpl.invoke0(Native Method)
	at sun.reflect.NativeMethodAccessorImpl.invoke(Unknown Source)
	at sun.reflect.DelegatingMethodAccessorImpl.invoke(Unknown Source)
	at java.lang.reflect.Method.invoke(Unknown Source)
	at org.testng.internal.MethodInvocationHelper.invokeMethod(MethodInvocationHelper.java:85)
	at org.testng.internal.Invoker.invokeConfigurationMethod(Invoker.java:510)
	at org.testng.internal.Invoker.invokeConfigurations(Invoker.java:211)
	at org.testng.internal.Invoker.invokeConfigurations(Invoker.java:138)
	at org.testng.TestRunner.beforeRun(TestRunner.java:648)
	at org.testng.TestRunner.run(TestRunner.java:616)
	at org.testng.SuiteRunner.runTest(SuiteRunner.java:359)
	at org.testng.SuiteRunner.runSequentially(SuiteRunner.java:354)
	at org.testng.SuiteRunner.privateRun(SuiteRunner.java:312)
	at org.testng.SuiteRunner.run(SuiteRunner.java:261)
	at org.testng.SuiteRunnerWorker.runSuite(SuiteRunnerWorker.java:52)
	at org.testng.SuiteRunnerWorker.run(SuiteRunnerWorker.java:86)
	at org.testng.TestNG.runSuitesSequentially(TestNG.java:1215)
	at org.testng.TestNG.runSuitesLocally(TestNG.java:1140)
	at org.testng.TestNG.run(TestNG.java:1048)
	at org.testng.remote.AbstractRemoteTestNG.run(AbstractRemoteTestNG.java:126)
	at org.testng.remote.RemoteTestNG.initAndRun(RemoteTestNG.java:137)
	at org.testng.remote.RemoteTestNG.main(RemoteTestNG.java:58)
Caused by: java.lang.ClassNotFoundException: io.reactivex.rxjava3.subjects.PublishSubject
	at java.net.URLClassLoader.findClass(Unknown Source)
	at java.lang.ClassLoader.loadClass(Unknown Source)
	at sun.misc.Launcher$AppClassLoader.loadClass(Unknown Source)
	at java.lang.ClassLoader.loadClass(Unknown Source)
	... 26 more
]]>
            </full-stacktrace>
          </exception> <!-- java.lang.NoClassDefFoundError -->
          <reporter-output>
          </reporter-output>
        </test-method> <!-- Vivo1 -->
        <test-method status="SKIP" signature="Vivo2()[pri:0, instance:Learn_Selenium.ExtentReportLearning@6e6c3152]" name="Vivo2" duration-ms="1" started-at="2021-01-04T16:03:41Z" finished-at="2021-01-04T16:03:41Z">
          <reporter-output>
          </reporter-output>
        </test-method> <!-- Vivo2 -->
        <test-method status="SKIP" signature="Vivo3()[pri:0, instance:Learn_Selenium.ExtentReportLearning@6e6c3152]" name="Vivo3" is-config="true" duration-ms="0" started-at="2021-01-04T16:03:41Z" finished-at="2021-01-04T16:03:41Z">
          <reporter-output>
          </reporter-output>
        </test-method> <!-- Vivo3 -->
      </class> <!-- Learn_Selenium.ExtentReportLearning -->
    </test> <!-- Default test -->
  </suite> <!-- Default suite -->
</testng-results>
